<?xml version="1.0" encoding="UTF-8" standalone="yes" ?>
<test-results name="D:\programming\Delphi\Test\Win32\Debug\Project2.exe" total="2" errors="0" failures="0" ignored="0" inconclusive="0" not-run="0" skipped="0" invalid="0" date="2025-02-23" time="0.015">
  <culture-info current-culture="en" current-uiculture="en" />
  <test-suite type="Assembly" name="Project2.exe" executed="true" result="Success" success="True" time="0.015" asserts="0">
    <results>
        <test-suite type="Namespace" name="Unit1" executed="true" result="Success" success="True" time="0.014" asserts="0" >
          <results>
              <test-suite type="Fixture" name="TTestCounter" executed="True" result="Success" success="True" time="0.014" >
                <results>
                  <test-case name="TestCounterInitialValue" executed="True" result="Success" success="True" time="0.000" asserts="0" />
                  <test-case name="TestClickerClick" executed="True" result="Success" success="True" time="0.000" asserts="0" />
                </results>
              </test-suite>
          </results>
        </test-suite>
    </results>
  </test-suite>
</test-results>
